{"level":"info","message":"Login attempt for email: anandsaiii1200@gmail.com","timestamp":"2024-03-18T16:17:11.122Z"}
{"level":"info","message":"Login successful for email: anandsaiii1200@gmail.com","timestamp":"2024-03-18T16:17:11.363Z"}
{"level":"info","message":"Login attempt for email: yellapuanandsai@gmail.com","timestamp":"2024-03-18T16:38:33.716Z"}
{"level":"info","message":"Login successful for email: yellapuanandsai@gmail.com","timestamp":"2024-03-18T16:38:33.842Z"}
{"level":"info","message":"Login attempt for email: anandsaiii1200@gmail.com","timestamp":"2024-03-19T03:00:07.037Z"}
{"level":"info","message":"Login successful for email: anandsaiii1200@gmail.com","timestamp":"2024-03-19T03:00:07.198Z"}
{"level":"info","message":"Login attempt for email: anandsaiii1200@gmail.com","timestamp":"2024-03-19T05:50:25.848Z"}
{"level":"info","message":"Login successful for email: anandsaiii1200@gmail.com","timestamp":"2024-03-19T05:50:25.989Z"}
{"level":"info","message":"Login attempt for email: anandsaiii1200@gmail.com","timestamp":"2024-03-19T11:27:10.076Z"}
{"level":"info","message":"Login successful for email: anandsaiii1200@gmail.com","timestamp":"2024-03-19T11:27:10.303Z"}
{"level":"info","message":"Login attempt for email: anandsaiii1200@gmail.com","timestamp":"2024-03-19T15:52:43.794Z"}
{"level":"info","message":"Login successful for email: anandsaiii1200@gmail.com","timestamp":"2024-03-19T15:52:43.899Z"}
{"level":"info","message":"Login attempt for email: anandsaiii1200@gmail.com","timestamp":"2024-03-20T01:06:24.264Z"}
{"level":"info","message":"Login successful for email: anandsaiii1200@gmail.com","timestamp":"2024-03-20T01:06:24.488Z"}
{"level":"info","message":"Login attempt for email: anandsaiii1200@gmail.com","timestamp":"2024-03-20T01:09:08.613Z"}
{"level":"info","message":"Login successful for email: anandsaiii1200@gmail.com","timestamp":"2024-03-20T01:09:08.757Z"}
{"level":"info","message":"Login attempt for email: anandsaiii1200@gmail.com","timestamp":"2024-03-20T02:06:48.072Z"}
{"level":"info","message":"Login successful for email: anandsaiii1200@gmail.com","timestamp":"2024-03-20T02:06:48.208Z"}
{"level":"info","message":"Login attempt for email: nanduu1300@gmail.com","timestamp":"2024-03-20T02:50:41.744Z"}
{"level":"warn","message":"Login failed for email: nanduu1300@gmail.com","timestamp":"2024-03-20T02:50:42.040Z"}
{"level":"info","message":"Login attempt for email: nanduu1300@gmail.com","timestamp":"2024-03-20T02:50:53.697Z"}
{"level":"warn","message":"Login failed for email: nanduu1300@gmail.com","timestamp":"2024-03-20T02:50:53.909Z"}
{"level":"info","message":"Login attempt for email: nanduu1300@gmail.com","timestamp":"2024-03-20T02:50:57.180Z"}
{"level":"warn","message":"Login failed for email: nanduu1300@gmail.com","timestamp":"2024-03-20T02:50:57.420Z"}
{"level":"info","message":"Login attempt for email: nanduu1300@gmail.com","timestamp":"2024-03-20T02:51:12.592Z"}
{"level":"info","message":"Login successful for email: nanduu1300@gmail.com","timestamp":"2024-03-20T02:51:12.754Z"}
{"level":"info","message":"Login attempt for email: anandsaiii1200@gmail.com","timestamp":"2024-03-20T02:53:28.286Z"}
{"level":"info","message":"Login successful for email: anandsaiii1200@gmail.com","timestamp":"2024-03-20T02:53:28.449Z"}
{"level":"info","message":"Login attempt for email: anandsaiii1200@gmail.com","timestamp":"2024-03-20T02:54:18.182Z"}
{"level":"info","message":"Login successful for email: anandsaiii1200@gmail.com","timestamp":"2024-03-20T02:54:18.371Z"}
{"level":"info","message":"Login attempt for email: nanduu1300@gmail.com","timestamp":"2024-03-20T02:55:12.671Z"}
{"level":"info","message":"Login successful for email: nanduu1300@gmail.com","timestamp":"2024-03-20T02:55:12.860Z"}
